android/app/build/intermediates/manifest_merge_blame_file/release/manifest-merger-blame-release-report.txt
1<?xml version="1.0" encoding="utf-8"?>
2<manifest xmlns:android="http://schemas.android.com/apk/res/android"
3    package="com.ecommerce_graduate"
4    android:versionCode="1"
5    android:versionName="1.0" >
6
7    <uses-sdk
8        android:minSdkVersion="21"
8-->src/main/AndroidManifest.xml
9        android:targetSdkVersion="29" />
9-->src/main/AndroidManifest.xml
10
11    <uses-permission android:name="android.permission.INTERNET" />
11-->src/main/AndroidManifest.xml:4:5-67
11-->src/main/AndroidManifest.xml:4:22-64
12    <uses-permission android:name="android.permission.ACCESS_NETWORK_STATE" />
12-->[:react-native-community_netinfo] AndroidManifest.xml:9:5-79
12-->[:react-native-community_netinfo] AndroidManifest.xml:9:22-76
13    <uses-permission android:name="android.permission.ACCESS_WIFI_STATE" />
13-->[:react-native-community_netinfo] AndroidManifest.xml:10:5-76
13-->[:react-native-community_netinfo] AndroidManifest.xml:10:22-73
14
15    <application
15-->src/main/AndroidManifest.xml:6:5-35:19
16        android:name="com.ecommerce_graduate.MainApplication"
16-->src/main/AndroidManifest.xml:7:7-38
17        android:allowBackup="false"
17-->src/main/AndroidManifest.xml:11:7-34
18        android:appComponentFactory="androidx.core.app.CoreComponentFactory"
18-->[androidx.core:core:1.3.2] AndroidManifest.xml:24:18-86
19        android:icon="@drawable/logo"
19-->src/main/AndroidManifest.xml:9:7-36
20        android:label="@string/app_name"
20-->src/main/AndroidManifest.xml:8:7-39
21        android:roundIcon="@drawable/logo"
21-->src/main/AndroidManifest.xml:10:7-41
22        android:theme="@style/AppTheme"
22-->src/main/AndroidManifest.xml:12:7-38
23        android:usesCleartextTraffic="true" >
23-->src/main/AndroidManifest.xml:13:7-42
24        <activity
24-->src/main/AndroidManifest.xml:14:8-22:20
25            android:name="com.ecommerce_graduate.SplashActivity"
25-->src/main/AndroidManifest.xml:15:11-41
26            android:label="@string/app_name"
26-->src/main/AndroidManifest.xml:17:11-43
27            android:theme="@style/SplashTheme" >
27-->src/main/AndroidManifest.xml:16:11-45
28            <intent-filter>
28-->src/main/AndroidManifest.xml:18:11-21:27
29                <action android:name="android.intent.action.MAIN" />
29-->src/main/AndroidManifest.xml:19:15-67
29-->src/main/AndroidManifest.xml:19:23-64
30
31                <category android:name="android.intent.category.LAUNCHER" />
31-->src/main/AndroidManifest.xml:20:15-75
31-->src/main/AndroidManifest.xml:20:25-72
32            </intent-filter>
33        </activity>
34        <activity
34-->src/main/AndroidManifest.xml:23:7-34:18
35            android:name="com.ecommerce_graduate.MainActivity"
35-->src/main/AndroidManifest.xml:24:9-37
36            android:configChanges="keyboard|keyboardHidden|orientation|screenSize|uiMode"
36-->src/main/AndroidManifest.xml:26:9-86
37            android:exported="true"
37-->src/main/AndroidManifest.xml:29:9-32
38            android:label="@string/app_name"
38-->src/main/AndroidManifest.xml:25:9-41
39            android:launchMode="singleTask"
39-->src/main/AndroidManifest.xml:27:9-40
40            android:windowSoftInputMode="adjustResize" >
40-->src/main/AndroidManifest.xml:28:9-51
41            <intent-filter>
41-->src/main/AndroidManifest.xml:30:6-32:20
42                <action android:name="android.intent.action.MAIN" />
42-->src/main/AndroidManifest.xml:19:15-67
42-->src/main/AndroidManifest.xml:19:23-64
43            </intent-filter>
44        </activity>
45    </application>
46
47</manifest>